






Started logging.
I[12:21:13.282] clangd version 14.0.0
I[12:21:13.285] Features: windows
I[12:21:13.285] PID: 16716
I[12:21:13.285] Working directory: d:\ESP8266_GitHub\TermoCloud\TemoCloud
I[12:21:13.285] argv[0]: c:\Program Files\Arduino IDE\resources\app\lib\backend\resources\clangd.exe
I[12:21:13.285] argv[1]: -log=verbose
I[12:21:13.285] argv[2]: --pch-storage=memory
I[12:21:13.285] argv[3]: --compile-commands-dir=C:\Users\Ò\AppData\Local\Temp\arduino-language-server832218445\build
I[12:21:13.285] argv[4]: -j
I[12:21:13.285] argv[5]: 1
I[12:21:13.285] argv[6]: -query-driver=C:\Users\Ò\AppData\Local\Arduino15\packages\**
V[12:21:13.296] User config file is C:\Users\—Ä—Å\AppData\Local\clangd\config.yaml
E[12:21:13.296] Path specified by --compile-commands-dir does not exist. The argument will be ignored.
I[12:21:13.296] Starting LSP over stdin/stdout
V[12:21:13.299] <<< {"id":"1","jsonrpc":"2.0","method":"initialize","params":{"capabilities":{"textDocument":{"codeAction":{"codeActionLiteralSupport":{"codeActionKind":{"valueSet":["","quickfix","refactor","refactor.extract","refactor.inline","refactor.rewrite","source","source.organizeImports"]}},"dynamicRegistration":true,"isPreferredSupport":true},"codeLens":{"dynamicRegistration":true},"colorProvider":{"dynamicRegistration":true},"completion":{"completionItem":{"commitCharactersSupport":true,"deprecatedSupport":true,"documentationFormat":["markdown","plaintext"],"preselectSupport":true,"snippetSupport":true,"tagSupport":{"valueSet":[1]}},"completionItemKind":{"valueSet":[1,2,3,4,5,6,7,8,9,10,11,12,13,14,15,16,17,18,19,20,21,22,23,24,25]},"contextSupport":true,"dynamicRegistration":true},"declaration":{"dynamicRegistration":true,"linkSupport":true},"definition":{"dynamicRegistration":true,"linkSupport":true},"documentHighlight":{"dynamicRegistration":true},"documentLink":{"dynamicRegistration":true,"tooltipSupport":true},"documentSymbol":{"dynamicRegistration":true,"hierarchicalDocumentSymbolSupport":true,"symbolKind":{"valueSet":[1,2,3,4,5,6,7,8,9,10,11,12,13,14,15,16,17,18,19,20,21,22,23,24,25,26]}},"foldingRange":{"dynamicRegistration":true,"lineFoldingOnly":true,"rangeLimit":5000},"formatting":{"dynamicRegistration":true},"hover":{"contentFormat":["markdown","plaintext"],"dynamicRegistration":true},"implementation":{"dynamicRegistration":true,"linkSupport":true},"onTypeFormatting":{"dynamicRegistration":true},"publishDiagnostics":{"relatedInformation":true,"tagSupport":{"valueSet":[1,2]}},"rangeFormatting":{"dynamicRegistration":true},"references":{"dynamicRegistration":true},"rename":{"dynamicRegistration":true,"prepareSupport":true},"selectionRange":{"dynamicRegistration":true},"signatureHelp":{"contextSupport":true,"dynamicRegistration":true,"signatureInformation":{"documentationFormat":["markdown","plaintext"],"parameterInformation":{"labelOffsetSupport":true}}},"synchronization":{"didSave":true,"dynamicRegistration":true,"willSave":true,"willSaveWaitUntil":true},"typeDefinition":{"dynamicRegistration":true,"linkSupport":true}},"window":{"workDoneProgress":true},"workspace":{"applyEdit":true,"configuration":true,"didChangeConfiguration":{"dynamicRegistration":true},"didChangeWatchedFiles":{"dynamicRegistration":true},"executeCommand":{"dynamicRegistration":true},"symbol":{"dynamicRegistration":true,"symbolKind":{"valueSet":[1,2,3,4,5,6,7,8,9,10,11,12,13,14,15,16,17,18,19,20,21,22,23,24,25,26]}},"workspaceEdit":{"documentChanges":true,"failureHandling":"textOnlyTransactional","resourceOperations":["create","rename","delete"]},"workspaceFolders":true}},"clientInfo":{"name":"vscode","version":"1.96.0"},"initializationOptions":{},"processId":12304,"rootPath":"C:\\Users\\—Ä—Å\\AppData\\Local\\Temp\\arduino-language-server832218445\\build\\sketch","rootUri":"file:///c%3A/Users/%D1%80%D1%81/AppData/Local/Temp/arduino-language-server832218445/build/sketch","trace":"off","workspaceFolders":[{"name":"TemoCloud","uri":"file:///d%3A/ESP8266_GitHub/TermoCloud/TemoCloud"}]}}

I[12:21:13.299] <-- initialize("1")
I[12:21:13.314] --> reply:initialize("1") 15 ms
V[12:21:13.315] >>> {"id":"1","jsonrpc":"2.0","result":{"capabilities":{"astProvider":true,"callHierarchyProvider":true,"clangdInlayHintsProvider":true,"codeActionProvider":{"codeActionKinds":["quickfix","refactor","info"]},"compilationDatabase":{"automaticReload":true},"completionProvider":{"allCommitCharacters":[" ","\t","(",")","[","]","{","}","<",">",":",";",",","+","-","/","*","%","^","&","#","?",".","=","\"","'","|"],"resolveProvider":false,"triggerCharacters":[".","<",">",":","\"","/","*"]},"declarationProvider":true,"definitionProvider":true,"documentFormattingProvider":true,"documentHighlightProvider":true,"documentLinkProvider":{"resolveProvider":false},"documentOnTypeFormattingProvider":{"firstTriggerCharacter":"\n","moreTriggerCharacter":[]},"documentRangeFormattingProvider":true,"documentSymbolProvider":true,"executeCommandProvider":{"commands":["clangd.applyFix","clangd.applyTweak"]},"hoverProvider":true,"implementationProvider":true,"memoryUsageProvider":true,"referencesProvider":true,"renameProvider":{"prepareProvider":true},"selectionRangeProvider":true,"semanticTokensProvider":{"full":{"delta":true},"legend":{"tokenModifiers":["declaration","deprecated","deduced","readonly","static","abstract","virtual","dependentName","defaultLibrary","usedAsMutableReference","functionScope","classScope","fileScope","globalScope"],"tokenTypes":["variable","variable","parameter","function","method","function","property","variable","class","interface","enum","enumMember","type","type","unknown","namespace","typeParameter","concept","type","macro","comment"]},"range":false},"signatureHelpProvider":{"triggerCharacters":["(",")","{","}","<",">",","]},"textDocumentSync":{"change":2,"openClose":true,"save":true},"typeDefinitionProvider":true,"typeHierarchyProvider":true,"workspaceSymbolProvider":true},"serverInfo":{"name":"clangd","version":"clangd version 14.0.0 windows x86_64-pc-windows-msvc"}}}

V[12:21:13.316] <<< {"jsonrpc":"2.0","method":"initialized","params":{}}

I[12:21:13.316] <-- initialized
V[12:21:13.319] <<< {"jsonrpc":"2.0","method":"textDocument/didOpen","params":{"textDocument":{"languageId":"cpp","text":"#include <Arduino.h>\n#line 1 \"D:\\\\ESP8266_GitHub\\\\TermoCloud\\\\TemoCloud\\\\TemoCloud.ino\"\n/* 26–∞–ø—Ä25\nhttps://microkontroller.ru/esp8266-projects/podklyuchenie-datchika-temperatury-ds18b20-k-esp8266/\n–ü–æ–¥–∫–ª—é—á–µ–Ω–∏–µ –¥–∞—Ç—á–∏–∫–∞ —Ç–µ–º–ø–µ—Ä–∞—Ç—É—Ä—ã DS18B20 –∫ NodeMCU ESP8266\n*/\n\n#include <OneWire.h>\n#include <DallasTemperature.h>\n\n// GPIO where the DS18B20 is connected to\nconst int oneWireBus = 4;     \n\n// Setup a oneWire instance to communicate with any OneWire devices\nOneWire oneWire(oneWireBus);\n\n// Pass our oneWire reference to Dallas Temperature sensor \nDallasTemperature sensors(&oneWire);\n\n#line 18 \"D:\\\\ESP8266_GitHub\\\\TermoCloud\\\\TemoCloud\\\\TemoCloud.ino\"\nvoid setup();\n#line 25 \"D:\\\\ESP8266_GitHub\\\\TermoCloud\\\\TemoCloud\\\\TemoCloud.ino\"\nvoid loop();\n#line 18 \"D:\\\\ESP8266_GitHub\\\\TermoCloud\\\\TemoCloud\\\\TemoCloud.ino\"\nvoid setup() {\n  // Start the Serial Monitor\n  Serial.begin(115200);\n  // Start the DS18B20 sensor\n  sensors.begin();\n}\n\nvoid loop() {\n  sensors.requestTemperatures(); \n  float temperatureC = sensors.getTempCByIndex(0);\n  float temperatureF = sensors.getTempFByIndex(0);\n  Serial.print(temperatureC);\n  Serial.println(\"¬∫C\");\n  Serial.print(temperatureF);\n  Serial.println(\"¬∫F\");\n  delay(5000);\n}\n","uri":"file:///c%3A/Users/%D1%80%D1%81/AppData/Local/Temp/arduino-language-server832218445/build/sketch/TemoCloud.ino.cpp","version":1}}}

I[12:21:13.319] <-- textDocument/didOpen
V[12:21:13.324] <<< {"id":"2","jsonrpc":"2.0","method":"textDocument/codeAction","params":{"context":{"diagnostics":[]},"range":{"end":{"character":0,"line":2},"start":{"character":0,"line":2}},"textDocument":{"uri":"file:///c%3A/Users/%D1%80%D1%81/AppData/Local/Temp/arduino-language-server832218445/build/sketch/TemoCloud.ino.cpp"}}}

I[12:21:13.324] <-- textDocument/codeAction("2")
V[12:21:13.327] config note at c:\Users\—Ä—Å\AppData\Local\Temp\arduino-language-server832218445\build\.clangd:1:0: Parsing config fragment
V[12:21:13.327] config note at c:\Users\—Ä—Å\AppData\Local\Temp\arduino-language-server832218445\build\.clangd:1:0: Parsed 1 fragments from file
V[12:21:13.327] Config fragment: compiling c:\Users\—Ä—Å\AppData\Local\Temp\arduino-language-server832218445\build\.clangd:1 -> 0x000001E5D6067870 (trusted=false)
I[12:21:13.328] --> textDocument/publishDiagnostics
V[12:21:13.328] >>> {"jsonrpc":"2.0","method":"textDocument/publishDiagnostics","params":{"diagnostics":[],"uri":"file:///c:/Users/%D1%80%D1%81/AppData/Local/Temp/arduino-language-server832218445/build/.clangd"}}

I[12:21:13.333] Loaded compilation database from c:\Users\—Ä—Å\AppData\Local\Temp\arduino-language-server832218445\build\compile_commands.json
V[12:21:13.333] Broadcasting compilation database from c:\Users\—Ä—Å\AppData\Local\Temp\arduino-language-server832218445\build
V[12:21:13.333] System include extraction: not allowed driver C:\Users\—Ä—Å\AppData\Local\Arduino15\packages\esp8266\tools\xtensa-lx106-elf-gcc\2.5.0-4-b40a506\bin\xtensa-lx106-elf-g++.exe
I[12:21:13.334] ASTWorker building file c:\Users\—Ä—Å\AppData\Local\Temp\arduino-language-server832218445\build\sketch\TemoCloud.ino.cpp version 1 with command 
[D:\ESP8266_GitHub\TermoCloud]
"C:\\Users\\\xD1\x80\xD1\x81\\AppData\\Local\\Arduino15\\packages\\esp8266\\tools\\xtensa-lx106-elf-gcc\\2.5.0-4-b40a506\\bin\\xtensa-lx106-elf-g++.exe" --driver-mode=g++ -D__ets__ -DICACHE_FLASH -U__STRICT_ANSI__ "-IC:\\Users\\\xD1\x80\xD1\x81\\AppData\\Local\\Arduino15\\packages\\esp8266\\hardware\\esp8266\\2.7.4/tools/sdk/include" "-IC:\\Users\\\xD1\x80\xD1\x81\\AppData\\Local\\Arduino15\\packages\\esp8266\\hardware\\esp8266\\2.7.4/tools/sdk/lwip2/include" "-IC:\\Users\\\xD1\x80\xD1\x81\\AppData\\Local\\Arduino15\\packages\\esp8266\\hardware\\esp8266\\2.7.4/tools/sdk/libc/xtensa-lx106-elf/include" "-IC:\\Users\\\xD1\x80\xD1\x81\\AppData\\Local\\Temp\\arduino-language-server832218445\\build/core" -c -w -Os -g -mlongcalls -mtext-section-literals -fno-rtti -falign-functions=4 -std=gnu++11 -MMD -ffunction-sections -fdata-sections -fno-exceptions -DNONOSDK22x_190703=1 -DF_CPU=80000000L -DLWIP_OPEN_SRC -DTCP_MSS=536 -DLWIP_FEATURES=1 -DLWIP_IPV6=0 -DARDUINO=10607 -DARDUINO_ESP8266_NODEMCU -DARDUINO_ARCH_ESP8266 "-DARDUINO_BOARD=\"ESP8266_NODEMCU\"" -DLED_BUILTIN=2 -DFLASHMODE_DIO -DESP8266 "-IC:\\Users\\\xD1\x80\xD1\x81\\AppData\\Local\\Arduino15\\packages\\esp8266\\hardware\\esp8266\\2.7.4\\cores\\esp8266" "-IC:\\Users\\\xD1\x80\xD1\x81\\AppData\\Local\\Arduino15\\packages\\esp8266\\hardware\\esp8266\\2.7.4\\variants\\nodemcu" "-Ic:\\Users\\\xD1\x80\xD1\x81\\Documents\\Arduino\\libraries\\OneWire" "-Ic:\\Users\\\xD1\x80\xD1\x81\\Documents\\Arduino\\libraries\\DallasTemperature" -o "C:\\Users\\\xD1\x80\xD1\x81\\AppData\\Local\\Temp\\arduino-language-server832218445\\build\\sketch\\TemoCloud.ino.cpp.o" -ferror-limit=0 "-resource-dir=c:\\Program Files\\Arduino IDE\\resources\\app\\lib\\backend\\lib\\clang\\14.0.0" -- "c:\\Users\\\xD1\x80\xD1\x81\\AppData\\Local\\Temp\\arduino-language-server832218445\\build\\sketch\\TemoCloud.ino.cpp"
V[12:21:13.342] config note at C:\Users\—Ä—Å\AppData\Local\Temp\arduino-language-server832218445\build\.clangd:1:0: Parsing config fragment
V[12:21:13.342] config note at C:\Users\—Ä—Å\AppData\Local\Temp\arduino-language-server832218445\build\.clangd:1:0: Parsed 1 fragments from file
V[12:21:13.342] Config fragment: compiling C:\Users\—Ä—Å\AppData\Local\Temp\arduino-language-server832218445\build\.clangd:1 -> 0x000001E5D60677D0 (trusted=false)
I[12:21:13.342] --> textDocument/publishDiagnostics
V[12:21:13.342] >>> {"jsonrpc":"2.0","method":"textDocument/publishDiagnostics","params":{"diagnostics":[],"uri":"file:///C:/Users/%D1%80%D1%81/AppData/Local/Temp/arduino-language-server832218445/build/.clangd"}}

I[12:21:13.348] --> window/workDoneProgress/create(0)
V[12:21:13.348] >>> {"id":0,"jsonrpc":"2.0","method":"window/workDoneProgress/create","params":{"token":"backgroundIndexProgress"}}

I[12:21:13.349] Enqueueing 1 commands for indexing
V[12:21:13.349] <<< {"id":0,"jsonrpc":"2.0","result":null}

I[12:21:13.349] <-- reply(0)
I[12:21:13.349] --> $/progress
V[12:21:13.349] >>> {"jsonrpc":"2.0","method":"$/progress","params":{"token":"backgroundIndexProgress","value":{"kind":"begin","percentage":0,"title":"indexing"}}}

I[12:21:13.349] --> $/progress
V[12:21:13.349] >>> {"jsonrpc":"2.0","method":"$/progress","params":{"token":"backgroundIndexProgress","value":{"kind":"report","message":"0/1","percentage":0}}}

V[12:21:13.350] Failed to load shard: C:\Users\—Ä—Å\AppData\Local\Temp\arduino-language-server832218445\build\sketch\TemoCloud.ino.cpp
I[12:21:13.352] --> $/progress
V[12:21:13.352] >>> {"jsonrpc":"2.0","method":"$/progress","params":{"token":"backgroundIndexProgress","value":{"kind":"report","message":"0/2","percentage":0}}}

I[12:21:13.352] --> $/progress
V[12:21:13.352] >>> {"jsonrpc":"2.0","method":"$/progress","params":{"token":"backgroundIndexProgress","value":{"kind":"report","message":"1/2","percentage":50}}}

I[12:21:13.352] --> $/progress
V[12:21:13.352] >>> {"jsonrpc":"2.0","method":"$/progress","params":{"token":"backgroundIndexProgress","value":{"kind":"report","message":"1/2","percentage":50}}}

V[12:21:13.353] Indexing C:\Users\—Ä—Å\AppData\Local\Temp\arduino-language-server832218445\build\sketch\TemoCloud.ino.cpp (digest:=4E8E962C61ED505D)
V[12:21:13.355] Ignored diagnostic. unknown argument '-mlongcalls'; did you mean '-mlong-calls'?
V[12:21:13.360] Ignored diagnostic. unknown argument: '-mtext-section-literals'
V[12:21:13.367] Driver produced command: cc1 -cc1 -triple x86_64-pc-windows-msvc19.20.0 -fsyntax-only -disable-free -clear-ast-before-backend -disable-llvm-verifier -discard-value-names -main-file-name TemoCloud.ino.cpp -function-alignment 2 -mrelocation-model pic -pic-level 2 -mframe-pointer=none -fmath-errno -ffp-contract=on -fno-rounding-math -mconstructor-aliases -funwind-tables=2 -D_HAS_STATIC_RTTI=0 -target-cpu x86-64 -tune-cpu generic -mllvm -treat-scalable-fixed-error-as-warning -gno-column-info -gcodeview -debug-info-kind=constructor -ffunction-sections -fdata-sections "-fcoverage-compilation-dir=D:\\ESP8266_GitHub\\TermoCloud" -resource-dir "c:\\Program Files\\Arduino IDE\\resources\\app\\lib\\backend\\lib\\clang\\14.0.0" -dependency-file "C:\\Users\\\xD1\x80\xD1\x81\\AppData\\Local\\Temp\\arduino-language-server832218445\\build\\sketch\\TemoCloud.ino.cpp.d" -MT "C:\\Users\\\xD1\x80\xD1\x81\\AppData\\Local\\Temp\\arduino-language-server832218445\\build\\sketch\\TemoCloud.ino.cpp.o" -D __ets__ -D ICACHE_FLASH -U __STRICT_ANSI__ -I "C:\\Users\\\xD1\x80\xD1\x81\\AppData\\Local\\Arduino15\\packages\\esp8266\\hardware\\esp8266\\2.7.4/tools/sdk/include" -I "C:\\Users\\\xD1\x80\xD1\x81\\AppData\\Local\\Arduino15\\packages\\esp8266\\hardware\\esp8266\\2.7.4/tools/sdk/lwip2/include" -I "C:\\Users\\\xD1\x80\xD1\x81\\AppData\\Local\\Arduino15\\packages\\esp8266\\hardware\\esp8266\\2.7.4/tools/sdk/libc/xtensa-lx106-elf/include" -I "C:\\Users\\\xD1\x80\xD1\x81\\AppData\\Local\\Temp\\arduino-language-server832218445\\build/core" -D NONOSDK22x_190703=1 -D F_CPU=80000000L -D LWIP_OPEN_SRC -D TCP_MSS=536 -D LWIP_FEATURES=1 -D LWIP_IPV6=0 -D ARDUINO=10607 -D ARDUINO_ESP8266_NODEMCU -D ARDUINO_ARCH_ESP8266 -D "ARDUINO_BOARD=\"ESP8266_NODEMCU\"" -D LED_BUILTIN=2 -D FLASHMODE_DIO -D ESP8266 -I "C:\\Users\\\xD1\x80\xD1\x81\\AppData\\Local\\Arduino15\\packages\\esp8266\\hardware\\esp8266\\2.7.4\\cores\\esp8266" -I "C:\\Users\\\xD1\x80\xD1\x81\\AppData\\Local\\Arduino15\\packages\\esp8266\\hardware\\esp8266\\2.7.4\\variants\\nodemcu" -I "c:\\Users\\\xD1\x80\xD1\x81\\Documents\\Arduino\\libraries\\OneWire" -I "c:\\Users\\\xD1\x80\xD1\x81\\Documents\\Arduino\\libraries\\DallasTemperature" -internal-isystem "c:\\Program Files\\Arduino IDE\\resources\\app\\lib\\backend\\lib\\clang\\14.0.0\\include" -internal-isystem "C:/Program Files/Microsoft Visual Studio 10.0/VC/include" -internal-isystem "C:/Program Files/Microsoft Visual Studio 9.0/VC/include" -internal-isystem "C:/Program Files/Microsoft Visual Studio 9.0/VC/PlatformSDK/Include" -internal-isystem "C:/Program Files/Microsoft Visual Studio 8/VC/include" -internal-isystem "C:/Program Files/Microsoft Visual Studio 8/VC/PlatformSDK/Include" -Os -w -std=gnu++11 -fdeprecated-macro "-fdebug-compilation-dir=D:\\ESP8266_GitHub\\TermoCloud" -ferror-limit 0 -fno-rtti -fno-use-cxa-atexit -fms-extensions -fms-compatibility -fms-compatibility-version=19.20 -fdelayed-template-parsing -vectorize-loops -vectorize-slp -faddrsig -x c++ "c:\\Users\\\xD1\x80\xD1\x81\\AppData\\Local\\Temp\\arduino-language-server832218445\\build\\sketch\\TemoCloud.ino.cpp"
V[12:21:13.368] Building first preamble for c:\Users\—Ä—Å\AppData\Local\Temp\arduino-language-server832218445\build\sketch\TemoCloud.ino.cpp version 1
V[12:21:13.443] Ignored diagnostic. C:\Users\—Ä—Å\AppData\Local\Arduino15\packages\esp8266\hardware\esp8266\2.7.4/tools/sdk/libc/xtensa-lx106-elf/include\stdlib.h:16:10:'stddef.h' file not found
V[12:21:13.582] indexed preamble AST for c:\Users\—Ä—Å\AppData\Local\Temp\arduino-language-server832218445\build\sketch\TemoCloud.ino.cpp version 1:
  symbol slab: 4075 symbols, 1023352 bytes
  ref slab: 0 symbols, 0 refs, 136 bytes
  relations slab: 11 relations, 245 bytes
I[12:21:13.639] Indexed C:\Users\—Ä—Å\AppData\Local\Temp\arduino-language-server832218445\build\sketch\TemoCloud.ino.cpp (1662 symbols, 5985 refs, 67 files)
I[12:21:13.639] Failed to compile C:\Users\—Ä—Å\AppData\Local\Temp\arduino-language-server832218445\build\sketch\TemoCloud.ino.cpp, index may be incomplete
V[12:21:13.665] Build dynamic index for header symbols with estimated memory usage of 2765908 bytes
V[12:21:13.667] Built preamble of size 856664 for file c:\Users\—Ä—Å\AppData\Local\Temp\arduino-language-server832218445\build\sketch\TemoCloud.ino.cpp version 1
V[12:21:13.730] indexed file AST for c:\Users\—Ä—Å\AppData\Local\Temp\arduino-language-server832218445\build\sketch\TemoCloud.ino.cpp version 1:
  symbol slab: 5 symbols, 5384 bytes
  ref slab: 18 symbols, 32 refs, 4688 bytes
  relations slab: 0 relations, 24 bytes
V[12:21:13.730] Build dynamic index for main-file symbols with estimated memory usage of 14816 bytes
I[12:21:13.730] --> textDocument/publishDiagnostics
V[12:21:13.730] >>> {"jsonrpc":"2.0","method":"textDocument/publishDiagnostics","params":{"diagnostics":[{"code":"drv_unknown_argument_with_suggestion","message":"Unknown argument '-mlongcalls'; did you mean '-mlong-calls'?","range":{"end":{"character":0,"line":0},"start":{"character":0,"line":0}},"relatedInformation":[],"severity":1,"source":"clang"},{"code":"drv_unknown_argument","message":"Unknown argument: '-mtext-section-literals'","range":{"end":{"character":0,"line":0},"start":{"character":0,"line":0}},"relatedInformation":[],"severity":1,"source":"clang"},{"code":"pp_file_not_found","message":"In included file: 'stddef.h' file not found","range":{"end":{"character":10,"line":0},"start":{"character":9,"line":0}},"relatedInformation":[{"location":{"range":{"end":{"character":19,"line":15},"start":{"character":9,"line":15}},"uri":"file:///C:/Users/%D1%80%D1%81/AppData/Local/Arduino15/packages/esp8266/hardware/esp8266/2.7.4/tools/sdk/libc/xtensa-lx106-elf/include/stdlib.h"},"message":"Error occurred here"}],"severity":1,"source":"clang"}],"uri":"file:///c:/Users/%D1%80%D1%81/AppData/Local/Temp/arduino-language-server832218445/build/sketch/TemoCloud.ino.cpp","version":1}}

V[12:21:13.731] ASTWorker running EnumerateTweaks on version 1 of c:\Users\—Ä—Å\AppData\Local\Temp\arduino-language-server832218445\build\sketch\TemoCloud.ino.cpp
I[12:21:13.731] --> reply:textDocument/codeAction("2") 407 ms
V[12:21:13.731] >>> {"id":"2","jsonrpc":"2.0","result":[]}

V[12:21:13.732] <<< {"id":"3","jsonrpc":"2.0","method":"textDocument/documentSymbol","params":{"textDocument":{"uri":"file:///c%3A/Users/%D1%80%D1%81/AppData/Local/Temp/arduino-language-server832218445/build/sketch/TemoCloud.ino.cpp"}}}

I[12:21:13.732] <-- textDocument/documentSymbol("3")
V[12:21:13.732] ASTWorker running DocumentSymbols on version 1 of c:\Users\—Ä—Å\AppData\Local\Temp\arduino-language-server832218445\build\sketch\TemoCloud.ino.cpp
I[12:21:13.733] --> reply:textDocument/documentSymbol("3") 0 ms
V[12:21:13.733] >>> {"id":"3","jsonrpc":"2.0","result":[{"detail":"const int","kind":13,"name":"oneWireBus","range":{"end":{"character":24,"line":11},"start":{"character":0,"line":11}},"selectionRange":{"end":{"character":20,"line":11},"start":{"character":10,"line":11}}},{"detail":"OneWire","kind":13,"name":"oneWire","range":{"end":{"character":27,"line":14},"start":{"character":0,"line":14}},"selectionRange":{"end":{"character":15,"line":14},"start":{"character":8,"line":14}}},{"detail":"DallasTemperature","kind":13,"name":"sensors","range":{"end":{"character":35,"line":17},"start":{"character":0,"line":17}},"selectionRange":{"end":{"character":25,"line":17},"start":{"character":18,"line":17}}},{"detail":"void ()","kind":12,"name":"setup","range":{"end":{"character":12,"line":20},"start":{"character":0,"line":20}},"selectionRange":{"end":{"character":10,"line":20},"start":{"character":5,"line":20}}},{"detail":"void ()","kind":12,"name":"loop","range":{"end":{"character":11,"line":22},"start":{"character":0,"line":22}},"selectionRange":{"end":{"character":9,"line":22},"start":{"character":5,"line":22}}},{"detail":"void ()","kind":12,"name":"setup","range":{"end":{"character":1,"line":29},"start":{"character":0,"line":24}},"selectionRange":{"end":{"character":10,"line":24},"start":{"character":5,"line":24}}},{"detail":"void ()","kind":12,"name":"loop","range":{"end":{"character":1,"line":40},"start":{"character":0,"line":31}},"selectionRange":{"end":{"character":9,"line":31},"start":{"character":5,"line":31}}}]}

V[12:21:14.299] BackgroundIndex: building version 1 after indexing enough files
V[12:21:14.333] BackgroundIndex: serving version 1 (2661670 bytes)
I[12:21:14.335] --> $/progress
V[12:21:14.335] >>> {"jsonrpc":"2.0","method":"$/progress","params":{"token":"backgroundIndexProgress","value":{"kind":"end"}}}

V[12:21:24.663] <<< {"jsonrpc":"2.0","method":"textDocument/didSave","params":{"textDocument":{"uri":"file:///c%3A/Users/%D1%80%D1%81/AppData/Local/Temp/arduino-language-server832218445/build/sketch/TemoCloud.ino.cpp"}}}

I[12:21:24.663] <-- textDocument/didSave
I[12:21:24.663] File version went from 1 to 1
V[12:21:24.663] <<< {"jsonrpc":"2.0","method":"textDocument/didChange","params":{"contentChanges":[{"text":"#include <Arduino.h>\n#line 1 \"D:\\\\ESP8266_GitHub\\\\TermoCloud\\\\TemoCloud\\\\TemoCloud.ino\"\n/* 26–∞–ø—Ä25\nhttps://microkontroller.ru/esp8266-projects/podklyuchenie-datchika-temperatury-ds18b20-k-esp8266/\n–ü–æ–¥–∫–ª—é—á–µ–Ω–∏–µ –¥–∞—Ç—á–∏–∫–∞ —Ç–µ–º–ø–µ—Ä–∞—Ç—É—Ä—ã DS18B20 –∫ NodeMCU ESP8266\n*/\n\n#include <OneWire.h>\n#include <DallasTemperature.h>\n\n// GPIO where the DS18B20 is connected to\nconst int oneWireBus = 4;     \n\n// Setup a oneWire instance to communicate with any OneWire devices\nOneWire oneWire(oneWireBus);\n\n// Pass our oneWire reference to Dallas Temperature sensor \nDallasTemperature sensors(&oneWire);\n\n#line 18 \"D:\\\\ESP8266_GitHub\\\\TermoCloud\\\\TemoCloud\\\\TemoCloud.ino\"\nvoid setup();\n#line 25 \"D:\\\\ESP8266_GitHub\\\\TermoCloud\\\\TemoCloud\\\\TemoCloud.ino\"\nvoid loop();\n#line 18 \"D:\\\\ESP8266_GitHub\\\\TermoCloud\\\\TemoCloud\\\\TemoCloud.ino\"\nvoid setup() {\n  // Start the Serial Monitor\n  Serial.begin(115200);\n  // Start the DS18B20 sensor\n  sensors.begin();\n}\n\nvoid loop() {\n  sensors.requestTemperatures(); \n  float temperatureC = sensors.getTempCByIndex(0);\n  float temperatureF = sensors.getTempFByIndex(0);\n  Serial.print(temperatureC);\n  Serial.println(\"¬∫C\");\n  Serial.print(temperatureF);\n  Serial.println(\"¬∫F\");\n  delay(5000);\n}\n"}],"textDocument":{"uri":"file:///c%3A/Users/%D1%80%D1%81/AppData/Local/Temp/arduino-language-server832218445/build/sketch/TemoCloud.ino.cpp","version":2}}}

I[12:21:24.663] <-- textDocument/didChange
V[12:21:24.663] ASTWorker skipping Update (1) for c:\Users\—Ä—Å\AppData\Local\Temp\arduino-language-server832218445\build\sketch\TemoCloud.ino.cpp
I[12:21:24.734] Reloaded compilation database from c:\Users\—Ä—Å\AppData\Local\Temp\arduino-language-server832218445\build\compile_commands.json
V[12:21:24.734] Broadcasting compilation database from c:\Users\—Ä—Å\AppData\Local\Temp\arduino-language-server832218445\build
I[12:21:24.734] ASTWorker building file c:\Users\—Ä—Å\AppData\Local\Temp\arduino-language-server832218445\build\sketch\TemoCloud.ino.cpp version 2 with command 
[D:\ESP8266_GitHub\TermoCloud]
"C:\\Users\\\xD1\x80\xD1\x81\\AppData\\Local\\Arduino15\\packages\\esp8266\\tools\\xtensa-lx106-elf-gcc\\2.5.0-4-b40a506\\bin\\xtensa-lx106-elf-g++.exe" --driver-mode=g++ -D__ets__ -DICACHE_FLASH -U__STRICT_ANSI__ "-IC:\\Users\\\xD1\x80\xD1\x81\\AppData\\Local\\Arduino15\\packages\\esp8266\\hardware\\esp8266\\2.7.4/tools/sdk/include" "-IC:\\Users\\\xD1\x80\xD1\x81\\AppData\\Local\\Arduino15\\packages\\esp8266\\hardware\\esp8266\\2.7.4/tools/sdk/lwip2/include" "-IC:\\Users\\\xD1\x80\xD1\x81\\AppData\\Local\\Arduino15\\packages\\esp8266\\hardware\\esp8266\\2.7.4/tools/sdk/libc/xtensa-lx106-elf/include" "-IC:\\Users\\\xD1\x80\xD1\x81\\AppData\\Local\\Temp\\arduino-language-server832218445\\build/core" -c -w -Os -g -mlongcalls -mtext-section-literals -fno-rtti -falign-functions=4 -std=gnu++11 -MMD -ffunction-sections -fdata-sections -fno-exceptions -DNONOSDK22x_190703=1 -DF_CPU=80000000L -DLWIP_OPEN_SRC -DTCP_MSS=536 -DLWIP_FEATURES=1 -DLWIP_IPV6=0 -DARDUINO=10607 -DARDUINO_ESP8266_NODEMCU -DARDUINO_ARCH_ESP8266 "-DARDUINO_BOARD=\"ESP8266_NODEMCU\"" -DLED_BUILTIN=2 -DFLASHMODE_DIO -DESP8266 "-IC:\\Users\\\xD1\x80\xD1\x81\\AppData\\Local\\Arduino15\\packages\\esp8266\\hardware\\esp8266\\2.7.4\\cores\\esp8266" "-IC:\\Users\\\xD1\x80\xD1\x81\\AppData\\Local\\Arduino15\\packages\\esp8266\\hardware\\esp8266\\2.7.4\\variants\\nodemcu" "-Ic:\\Users\\\xD1\x80\xD1\x81\\Documents\\Arduino\\libraries\\OneWire" "-Ic:\\Users\\\xD1\x80\xD1\x81\\Documents\\Arduino\\libraries\\DallasTemperature" -o "C:\\Users\\\xD1\x80\xD1\x81\\AppData\\Local\\Temp\\arduino-language-server832218445\\build\\sketch\\TemoCloud.ino.cpp.o" -ferror-limit=0 "-resource-dir=c:\\Program Files\\Arduino IDE\\resources\\app\\lib\\backend\\lib\\clang\\14.0.0" -- "c:\\Users\\\xD1\x80\xD1\x81\\AppData\\Local\\Temp\\arduino-language-server832218445\\build\\sketch\\TemoCloud.ino.cpp"
I[12:21:24.742] --> window/workDoneProgress/create(1)
V[12:21:24.742] >>> {"id":1,"jsonrpc":"2.0","method":"window/workDoneProgress/create","params":{"token":"backgroundIndexProgress"}}

I[12:21:24.742] Enqueueing 1 commands for indexing
V[12:21:24.743] <<< {"id":1,"jsonrpc":"2.0","result":null}

I[12:21:24.743] <-- reply(1)
I[12:21:24.743] --> $/progress
V[12:21:24.743] >>> {"jsonrpc":"2.0","method":"$/progress","params":{"token":"backgroundIndexProgress","value":{"kind":"begin","percentage":0,"title":"indexing"}}}

I[12:21:24.743] --> $/progress
V[12:21:24.743] >>> {"jsonrpc":"2.0","method":"$/progress","params":{"token":"backgroundIndexProgress","value":{"kind":"report","message":"0/1","percentage":0}}}

V[12:21:24.752] Driver produced command: cc1 -cc1 -triple x86_64-pc-windows-msvc19.20.0 -fsyntax-only -disable-free -clear-ast-before-backend -disable-llvm-verifier -discard-value-names -main-file-name TemoCloud.ino.cpp -function-alignment 2 -mrelocation-model pic -pic-level 2 -mframe-pointer=none -fmath-errno -ffp-contract=on -fno-rounding-math -mconstructor-aliases -funwind-tables=2 -D_HAS_STATIC_RTTI=0 -target-cpu x86-64 -tune-cpu generic -mllvm -treat-scalable-fixed-error-as-warning -gno-column-info -gcodeview -debug-info-kind=constructor -ffunction-sections -fdata-sections "-fcoverage-compilation-dir=D:\\ESP8266_GitHub\\TermoCloud" -resource-dir "c:\\Program Files\\Arduino IDE\\resources\\app\\lib\\backend\\lib\\clang\\14.0.0" -dependency-file "C:\\Users\\\xD1\x80\xD1\x81\\AppData\\Local\\Temp\\arduino-language-server832218445\\build\\sketch\\TemoCloud.ino.cpp.d" -MT "C:\\Users\\\xD1\x80\xD1\x81\\AppData\\Local\\Temp\\arduino-language-server832218445\\build\\sketch\\TemoCloud.ino.cpp.o" -D __ets__ -D ICACHE_FLASH -U __STRICT_ANSI__ -I "C:\\Users\\\xD1\x80\xD1\x81\\AppData\\Local\\Arduino15\\packages\\esp8266\\hardware\\esp8266\\2.7.4/tools/sdk/include" -I "C:\\Users\\\xD1\x80\xD1\x81\\AppData\\Local\\Arduino15\\packages\\esp8266\\hardware\\esp8266\\2.7.4/tools/sdk/lwip2/include" -I "C:\\Users\\\xD1\x80\xD1\x81\\AppData\\Local\\Arduino15\\packages\\esp8266\\hardware\\esp8266\\2.7.4/tools/sdk/libc/xtensa-lx106-elf/include" -I "C:\\Users\\\xD1\x80\xD1\x81\\AppData\\Local\\Temp\\arduino-language-server832218445\\build/core" -D NONOSDK22x_190703=1 -D F_CPU=80000000L -D LWIP_OPEN_SRC -D TCP_MSS=536 -D LWIP_FEATURES=1 -D LWIP_IPV6=0 -D ARDUINO=10607 -D ARDUINO_ESP8266_NODEMCU -D ARDUINO_ARCH_ESP8266 -D "ARDUINO_BOARD=\"ESP8266_NODEMCU\"" -D LED_BUILTIN=2 -D FLASHMODE_DIO -D ESP8266 -I "C:\\Users\\\xD1\x80\xD1\x81\\AppData\\Local\\Arduino15\\packages\\esp8266\\hardware\\esp8266\\2.7.4\\cores\\esp8266" -I "C:\\Users\\\xD1\x80\xD1\x81\\AppData\\Local\\Arduino15\\packages\\esp8266\\hardware\\esp8266\\2.7.4\\variants\\nodemcu" -I "c:\\Users\\\xD1\x80\xD1\x81\\Documents\\Arduino\\libraries\\OneWire" -I "c:\\Users\\\xD1\x80\xD1\x81\\Documents\\Arduino\\libraries\\DallasTemperature" -internal-isystem "c:\\Program Files\\Arduino IDE\\resources\\app\\lib\\backend\\lib\\clang\\14.0.0\\include" -internal-isystem "C:/Program Files/Microsoft Visual Studio 10.0/VC/include" -internal-isystem "C:/Program Files/Microsoft Visual Studio 9.0/VC/include" -internal-isystem "C:/Program Files/Microsoft Visual Studio 9.0/VC/PlatformSDK/Include" -internal-isystem "C:/Program Files/Microsoft Visual Studio 8/VC/include" -internal-isystem "C:/Program Files/Microsoft Visual Studio 8/VC/PlatformSDK/Include" -Os -w -std=gnu++11 -fdeprecated-macro "-fdebug-compilation-dir=D:\\ESP8266_GitHub\\TermoCloud" -ferror-limit 0 -fno-rtti -fno-use-cxa-atexit -fms-extensions -fms-compatibility -fms-compatibility-version=19.20 -fdelayed-template-parsing -vectorize-loops -vectorize-slp -faddrsig -x c++ "c:\\Users\\\xD1\x80\xD1\x81\\AppData\\Local\\Temp\\arduino-language-server832218445\\build\\sketch\\TemoCloud.ino.cpp"
V[12:21:24.760] Reusing preamble version 1 for version 2 of c:\Users\—Ä—Å\AppData\Local\Temp\arduino-language-server832218445\build\sketch\TemoCloud.ino.cpp
V[12:21:24.773] BackgroundIndex: building version 2 after loading index from disk
V[12:21:24.810] BackgroundIndex: serving version 2 (2661670 bytes)
I[12:21:24.822] --> $/progress
V[12:21:24.822] >>> {"jsonrpc":"2.0","method":"$/progress","params":{"token":"backgroundIndexProgress","value":{"kind":"report","message":"0/1","percentage":0}}}

I[12:21:24.822] --> $/progress
V[12:21:24.822] >>> {"jsonrpc":"2.0","method":"$/progress","params":{"token":"backgroundIndexProgress","value":{"kind":"end"}}}

V[12:21:38.786] <<< {"jsonrpc":"2.0","method":"textDocument/didSave","params":{"textDocument":{"uri":"file:///c%3A/Users/%D1%80%D1%81/AppData/Local/Temp/arduino-language-server832218445/build/sketch/TemoCloud.ino.cpp"}}}

I[12:21:38.786] <-- textDocument/didSave
I[12:21:38.786] File version went from 2 to 2
V[12:21:38.786] <<< {"jsonrpc":"2.0","method":"textDocument/didChange","params":{"contentChanges":[{"text":"#include <Arduino.h>\n#line 1 \"D:\\\\ESP8266_GitHub\\\\TermoCloud\\\\TemoCloud\\\\TemoCloud.ino\"\n/* 26–∞–ø—Ä25\nhttps://microkontroller.ru/esp8266-projects/podklyuchenie-datchika-temperatury-ds18b20-k-esp8266/\n–ü–æ–¥–∫–ª—é—á–µ–Ω–∏–µ –¥–∞—Ç—á–∏–∫–∞ —Ç–µ–º–ø–µ—Ä–∞—Ç—É—Ä—ã DS18B20 –∫ NodeMCU ESP8266\n*/\n\n#include <OneWire.h>\n#include <DallasTemperature.h>\n\n// GPIO where the DS18B20 is connected to\nconst int oneWireBus = 4;     \n\n// Setup a oneWire instance to communicate with any OneWire devices\nOneWire oneWire(oneWireBus);\n\n// Pass our oneWire reference to Dallas Temperature sensor \nDallasTemperature sensors(&oneWire);\n\n#line 18 \"D:\\\\ESP8266_GitHub\\\\TermoCloud\\\\TemoCloud\\\\TemoCloud.ino\"\nvoid setup();\n#line 25 \"D:\\\\ESP8266_GitHub\\\\TermoCloud\\\\TemoCloud\\\\TemoCloud.ino\"\nvoid loop();\n#line 18 \"D:\\\\ESP8266_GitHub\\\\TermoCloud\\\\TemoCloud\\\\TemoCloud.ino\"\nvoid setup() {\n  // Start the Serial Monitor\n  Serial.begin(115200);\n  // Start the DS18B20 sensor\n  sensors.begin();\n}\n\nvoid loop() {\n  sensors.requestTemperatures(); \n  float temperatureC = sensors.getTempCByIndex(0);\n  float temperatureF = sensors.getTempFByIndex(0);\n  Serial.print(temperatureC);\n  Serial.println(\"¬∫C\");\n  Serial.print(temperatureF);\n  Serial.println(\"¬∫F\");\n  delay(5000);\n}\n"}],"textDocument":{"uri":"file:///c%3A/Users/%D1%80%D1%81/AppData/Local/Temp/arduino-language-server832218445/build/sketch/TemoCloud.ino.cpp","version":3}}}

I[12:21:38.786] <-- textDocument/didChange
V[12:21:38.786] ASTWorker skipping Update (2) for c:\Users\—Ä—Å\AppData\Local\Temp\arduino-language-server832218445\build\sketch\TemoCloud.ino.cpp
I[12:21:38.867] Reloaded compilation database from c:\Users\—Ä—Å\AppData\Local\Temp\arduino-language-server832218445\build\compile_commands.json
V[12:21:38.867] Broadcasting compilation database from c:\Users\—Ä—Å\AppData\Local\Temp\arduino-language-server832218445\build
I[12:21:38.868] ASTWorker building file c:\Users\—Ä—Å\AppData\Local\Temp\arduino-language-server832218445\build\sketch\TemoCloud.ino.cpp version 3 with command 
[D:\ESP8266_GitHub\TermoCloud]
"C:\\Users\\\xD1\x80\xD1\x81\\AppData\\Local\\Arduino15\\packages\\esp8266\\tools\\xtensa-lx106-elf-gcc\\2.5.0-4-b40a506\\bin\\xtensa-lx106-elf-g++.exe" --driver-mode=g++ -D__ets__ -DICACHE_FLASH -U__STRICT_ANSI__ "-IC:\\Users\\\xD1\x80\xD1\x81\\AppData\\Local\\Arduino15\\packages\\esp8266\\hardware\\esp8266\\2.7.4/tools/sdk/include" "-IC:\\Users\\\xD1\x80\xD1\x81\\AppData\\Local\\Arduino15\\packages\\esp8266\\hardware\\esp8266\\2.7.4/tools/sdk/lwip2/include" "-IC:\\Users\\\xD1\x80\xD1\x81\\AppData\\Local\\Arduino15\\packages\\esp8266\\hardware\\esp8266\\2.7.4/tools/sdk/libc/xtensa-lx106-elf/include" "-IC:\\Users\\\xD1\x80\xD1\x81\\AppData\\Local\\Temp\\arduino-language-server832218445\\build/core" -c -w -Os -g -mlongcalls -mtext-section-literals -fno-rtti -falign-functions=4 -std=gnu++11 -MMD -ffunction-sections -fdata-sections -fno-exceptions -DNONOSDK22x_190703=1 -DF_CPU=80000000L -DLWIP_OPEN_SRC -DTCP_MSS=536 -DLWIP_FEATURES=1 -DLWIP_IPV6=0 -DARDUINO=10607 -DARDUINO_ESP8266_NODEMCU -DARDUINO_ARCH_ESP8266 "-DARDUINO_BOARD=\"ESP8266_NODEMCU\"" -DLED_BUILTIN=2 -DFLASHMODE_DIO -DESP8266 "-IC:\\Users\\\xD1\x80\xD1\x81\\AppData\\Local\\Arduino15\\packages\\esp8266\\hardware\\esp8266\\2.7.4\\cores\\esp8266" "-IC:\\Users\\\xD1\x80\xD1\x81\\AppData\\Local\\Arduino15\\packages\\esp8266\\hardware\\esp8266\\2.7.4\\variants\\nodemcu" "-Ic:\\Users\\\xD1\x80\xD1\x81\\Documents\\Arduino\\libraries\\OneWire" "-Ic:\\Users\\\xD1\x80\xD1\x81\\Documents\\Arduino\\libraries\\DallasTemperature" -o "C:\\Users\\\xD1\x80\xD1\x81\\AppData\\Local\\Temp\\arduino-language-server832218445\\build\\sketch\\TemoCloud.ino.cpp.o" -ferror-limit=0 "-resource-dir=c:\\Program Files\\Arduino IDE\\resources\\app\\lib\\backend\\lib\\clang\\14.0.0" -- "c:\\Users\\\xD1\x80\xD1\x81\\AppData\\Local\\Temp\\arduino-language-server832218445\\build\\sketch\\TemoCloud.ino.cpp"
I[12:21:38.875] --> window/workDoneProgress/create(2)
V[12:21:38.875] >>> {"id":2,"jsonrpc":"2.0","method":"window/workDoneProgress/create","params":{"token":"backgroundIndexProgress"}}

I[12:21:38.875] Enqueueing 1 commands for indexing
V[12:21:38.875] <<< {"id":2,"jsonrpc":"2.0","result":null}

I[12:21:38.875] <-- reply(2)
I[12:21:38.875] --> $/progress
V[12:21:38.875] >>> {"jsonrpc":"2.0","method":"$/progress","params":{"token":"backgroundIndexProgress","value":{"kind":"begin","percentage":0,"title":"indexing"}}}

I[12:21:38.875] --> $/progress
V[12:21:38.875] >>> {"jsonrpc":"2.0","method":"$/progress","params":{"token":"backgroundIndexProgress","value":{"kind":"report","message":"0/1","percentage":0}}}

V[12:21:38.884] Driver produced command: cc1 -cc1 -triple x86_64-pc-windows-msvc19.20.0 -fsyntax-only -disable-free -clear-ast-before-backend -disable-llvm-verifier -discard-value-names -main-file-name TemoCloud.ino.cpp -function-alignment 2 -mrelocation-model pic -pic-level 2 -mframe-pointer=none -fmath-errno -ffp-contract=on -fno-rounding-math -mconstructor-aliases -funwind-tables=2 -D_HAS_STATIC_RTTI=0 -target-cpu x86-64 -tune-cpu generic -mllvm -treat-scalable-fixed-error-as-warning -gno-column-info -gcodeview -debug-info-kind=constructor -ffunction-sections -fdata-sections "-fcoverage-compilation-dir=D:\\ESP8266_GitHub\\TermoCloud" -resource-dir "c:\\Program Files\\Arduino IDE\\resources\\app\\lib\\backend\\lib\\clang\\14.0.0" -dependency-file "C:\\Users\\\xD1\x80\xD1\x81\\AppData\\Local\\Temp\\arduino-language-server832218445\\build\\sketch\\TemoCloud.ino.cpp.d" -MT "C:\\Users\\\xD1\x80\xD1\x81\\AppData\\Local\\Temp\\arduino-language-server832218445\\build\\sketch\\TemoCloud.ino.cpp.o" -D __ets__ -D ICACHE_FLASH -U __STRICT_ANSI__ -I "C:\\Users\\\xD1\x80\xD1\x81\\AppData\\Local\\Arduino15\\packages\\esp8266\\hardware\\esp8266\\2.7.4/tools/sdk/include" -I "C:\\Users\\\xD1\x80\xD1\x81\\AppData\\Local\\Arduino15\\packages\\esp8266\\hardware\\esp8266\\2.7.4/tools/sdk/lwip2/include" -I "C:\\Users\\\xD1\x80\xD1\x81\\AppData\\Local\\Arduino15\\packages\\esp8266\\hardware\\esp8266\\2.7.4/tools/sdk/libc/xtensa-lx106-elf/include" -I "C:\\Users\\\xD1\x80\xD1\x81\\AppData\\Local\\Temp\\arduino-language-server832218445\\build/core" -D NONOSDK22x_190703=1 -D F_CPU=80000000L -D LWIP_OPEN_SRC -D TCP_MSS=536 -D LWIP_FEATURES=1 -D LWIP_IPV6=0 -D ARDUINO=10607 -D ARDUINO_ESP8266_NODEMCU -D ARDUINO_ARCH_ESP8266 -D "ARDUINO_BOARD=\"ESP8266_NODEMCU\"" -D LED_BUILTIN=2 -D FLASHMODE_DIO -D ESP8266 -I "C:\\Users\\\xD1\x80\xD1\x81\\AppData\\Local\\Arduino15\\packages\\esp8266\\hardware\\esp8266\\2.7.4\\cores\\esp8266" -I "C:\\Users\\\xD1\x80\xD1\x81\\AppData\\Local\\Arduino15\\packages\\esp8266\\hardware\\esp8266\\2.7.4\\variants\\nodemcu" -I "c:\\Users\\\xD1\x80\xD1\x81\\Documents\\Arduino\\libraries\\OneWire" -I "c:\\Users\\\xD1\x80\xD1\x81\\Documents\\Arduino\\libraries\\DallasTemperature" -internal-isystem "c:\\Program Files\\Arduino IDE\\resources\\app\\lib\\backend\\lib\\clang\\14.0.0\\include" -internal-isystem "C:/Program Files/Microsoft Visual Studio 10.0/VC/include" -internal-isystem "C:/Program Files/Microsoft Visual Studio 9.0/VC/include" -internal-isystem "C:/Program Files/Microsoft Visual Studio 9.0/VC/PlatformSDK/Include" -internal-isystem "C:/Program Files/Microsoft Visual Studio 8/VC/include" -internal-isystem "C:/Program Files/Microsoft Visual Studio 8/VC/PlatformSDK/Include" -Os -w -std=gnu++11 -fdeprecated-macro "-fdebug-compilation-dir=D:\\ESP8266_GitHub\\TermoCloud" -ferror-limit 0 -fno-rtti -fno-use-cxa-atexit -fms-extensions -fms-compatibility -fms-compatibility-version=19.20 -fdelayed-template-parsing -vectorize-loops -vectorize-slp -faddrsig -x c++ "c:\\Users\\\xD1\x80\xD1\x81\\AppData\\Local\\Temp\\arduino-language-server832218445\\build\\sketch\\TemoCloud.ino.cpp"
V[12:21:38.892] Reusing preamble version 1 for version 3 of c:\Users\—Ä—Å\AppData\Local\Temp\arduino-language-server832218445\build\sketch\TemoCloud.ino.cpp
V[12:21:38.900] BackgroundIndex: building version 3 after loading index from disk
V[12:21:38.927] BackgroundIndex: serving version 3 (2661670 bytes)
I[12:21:38.937] --> $/progress
V[12:21:38.937] >>> {"jsonrpc":"2.0","method":"$/progress","params":{"token":"backgroundIndexProgress","value":{"kind":"report","message":"0/1","percentage":0}}}

I[12:21:38.937] --> $/progress
V[12:21:38.937] >>> {"jsonrpc":"2.0","method":"$/progress","params":{"token":"backgroundIndexProgress","value":{"kind":"end"}}}

V[12:21:59.206] <<< {"jsonrpc":"2.0","method":"textDocument/didSave","params":{"textDocument":{"uri":"file:///c%3A/Users/%D1%80%D1%81/AppData/Local/Temp/arduino-language-server832218445/build/sketch/TemoCloud.ino.cpp"}}}

I[12:21:59.206] <-- textDocument/didSave
I[12:21:59.206] File version went from 3 to 3
V[12:21:59.206] <<< {"jsonrpc":"2.0","method":"textDocument/didChange","params":{"contentChanges":[{"text":"#include <Arduino.h>\n#line 1 \"D:\\\\ESP8266_GitHub\\\\TermoCloud\\\\TemoCloud\\\\TemoCloud.ino\"\n/* 26–∞–ø—Ä25\nhttps://microkontroller.ru/esp8266-projects/podklyuchenie-datchika-temperatury-ds18b20-k-esp8266/\n–ü–æ–¥–∫–ª—é—á–µ–Ω–∏–µ –¥–∞—Ç—á–∏–∫–∞ —Ç–µ–º–ø–µ—Ä–∞—Ç—É—Ä—ã DS18B20 –∫ NodeMCU ESP8266\n*/\n\n#include <OneWire.h>\n#include <DallasTemperature.h>\n\n// GPIO where the DS18B20 is connected to\nconst int oneWireBus = 4;     \n\n// Setup a oneWire instance to communicate with any OneWire devices\nOneWire oneWire(oneWireBus);\n\n// Pass our oneWire reference to Dallas Temperature sensor \nDallasTemperature sensors(&oneWire);\n\n#line 18 \"D:\\\\ESP8266_GitHub\\\\TermoCloud\\\\TemoCloud\\\\TemoCloud.ino\"\nvoid setup();\n#line 25 \"D:\\\\ESP8266_GitHub\\\\TermoCloud\\\\TemoCloud\\\\TemoCloud.ino\"\nvoid loop();\n#line 18 \"D:\\\\ESP8266_GitHub\\\\TermoCloud\\\\TemoCloud\\\\TemoCloud.ino\"\nvoid setup() {\n  // Start the Serial Monitor\n  Serial.begin(115200);\n  // Start the DS18B20 sensor\n  sensors.begin();\n}\n\nvoid loop() {\n  sensors.requestTemperatures(); \n  float temperatureC = sensors.getTempCByIndex(0);\n  float temperatureF = sensors.getTempFByIndex(0);\n  Serial.print(temperatureC);\n  Serial.println(\"¬∫C\");\n  Serial.print(temperatureF);\n  Serial.println(\"¬∫F\");\n  delay(5000);\n}\n"}],"textDocument":{"uri":"file:///c%3A/Users/%D1%80%D1%81/AppData/Local/Temp/arduino-language-server832218445/build/sketch/TemoCloud.ino.cpp","version":4}}}

I[12:21:59.206] <-- textDocument/didChange
V[12:21:59.206] ASTWorker skipping Update (3) for c:\Users\—Ä—Å\AppData\Local\Temp\arduino-language-server832218445\build\sketch\TemoCloud.ino.cpp
I[12:21:59.284] Reloaded compilation database from c:\Users\—Ä—Å\AppData\Local\Temp\arduino-language-server832218445\build\compile_commands.json
V[12:21:59.284] Broadcasting compilation database from c:\Users\—Ä—Å\AppData\Local\Temp\arduino-language-server832218445\build
I[12:21:59.284] ASTWorker building file c:\Users\—Ä—Å\AppData\Local\Temp\arduino-language-server832218445\build\sketch\TemoCloud.ino.cpp version 4 with command 
[D:\ESP8266_GitHub\TermoCloud]
"C:\\Users\\\xD1\x80\xD1\x81\\AppData\\Local\\Arduino15\\packages\\esp8266\\tools\\xtensa-lx106-elf-gcc\\2.5.0-4-b40a506\\bin\\xtensa-lx106-elf-g++.exe" --driver-mode=g++ -D__ets__ -DICACHE_FLASH -U__STRICT_ANSI__ "-IC:\\Users\\\xD1\x80\xD1\x81\\AppData\\Local\\Arduino15\\packages\\esp8266\\hardware\\esp8266\\2.7.4/tools/sdk/include" "-IC:\\Users\\\xD1\x80\xD1\x81\\AppData\\Local\\Arduino15\\packages\\esp8266\\hardware\\esp8266\\2.7.4/tools/sdk/lwip2/include" "-IC:\\Users\\\xD1\x80\xD1\x81\\AppData\\Local\\Arduino15\\packages\\esp8266\\hardware\\esp8266\\2.7.4/tools/sdk/libc/xtensa-lx106-elf/include" "-IC:\\Users\\\xD1\x80\xD1\x81\\AppData\\Local\\Temp\\arduino-language-server832218445\\build/core" -c -w -Os -g -mlongcalls -mtext-section-literals -fno-rtti -falign-functions=4 -std=gnu++11 -MMD -ffunction-sections -fdata-sections -fno-exceptions -DNONOSDK22x_190703=1 -DF_CPU=80000000L -DLWIP_OPEN_SRC -DTCP_MSS=536 -DLWIP_FEATURES=1 -DLWIP_IPV6=0 -DARDUINO=10607 -DARDUINO_ESP8266_NODEMCU -DARDUINO_ARCH_ESP8266 "-DARDUINO_BOARD=\"ESP8266_NODEMCU\"" -DLED_BUILTIN=2 -DFLASHMODE_DIO -DESP8266 "-IC:\\Users\\\xD1\x80\xD1\x81\\AppData\\Local\\Arduino15\\packages\\esp8266\\hardware\\esp8266\\2.7.4\\cores\\esp8266" "-IC:\\Users\\\xD1\x80\xD1\x81\\AppData\\Local\\Arduino15\\packages\\esp8266\\hardware\\esp8266\\2.7.4\\variants\\nodemcu" "-Ic:\\Users\\\xD1\x80\xD1\x81\\Documents\\Arduino\\libraries\\OneWire" "-Ic:\\Users\\\xD1\x80\xD1\x81\\Documents\\Arduino\\libraries\\DallasTemperature" -o "C:\\Users\\\xD1\x80\xD1\x81\\AppData\\Local\\Temp\\arduino-language-server832218445\\build\\sketch\\TemoCloud.ino.cpp.o" -ferror-limit=0 "-resource-dir=c:\\Program Files\\Arduino IDE\\resources\\app\\lib\\backend\\lib\\clang\\14.0.0" -- "c:\\Users\\\xD1\x80\xD1\x81\\AppData\\Local\\Temp\\arduino-language-server832218445\\build\\sketch\\TemoCloud.ino.cpp"
I[12:21:59.292] --> window/workDoneProgress/create(3)
V[12:21:59.292] >>> {"id":3,"jsonrpc":"2.0","method":"window/workDoneProgress/create","params":{"token":"backgroundIndexProgress"}}

I[12:21:59.292] Enqueueing 1 commands for indexing
V[12:21:59.292] <<< {"id":3,"jsonrpc":"2.0","result":null}

I[12:21:59.292] <-- reply(3)
I[12:21:59.292] --> $/progress
V[12:21:59.292] >>> {"jsonrpc":"2.0","method":"$/progress","params":{"token":"backgroundIndexProgress","value":{"kind":"begin","percentage":0,"title":"indexing"}}}

I[12:21:59.292] --> $/progress
V[12:21:59.292] >>> {"jsonrpc":"2.0","method":"$/progress","params":{"token":"backgroundIndexProgress","value":{"kind":"report","message":"0/1","percentage":0}}}

V[12:21:59.302] Driver produced command: cc1 -cc1 -triple x86_64-pc-windows-msvc19.20.0 -fsyntax-only -disable-free -clear-ast-before-backend -disable-llvm-verifier -discard-value-names -main-file-name TemoCloud.ino.cpp -function-alignment 2 -mrelocation-model pic -pic-level 2 -mframe-pointer=none -fmath-errno -ffp-contract=on -fno-rounding-math -mconstructor-aliases -funwind-tables=2 -D_HAS_STATIC_RTTI=0 -target-cpu x86-64 -tune-cpu generic -mllvm -treat-scalable-fixed-error-as-warning -gno-column-info -gcodeview -debug-info-kind=constructor -ffunction-sections -fdata-sections "-fcoverage-compilation-dir=D:\\ESP8266_GitHub\\TermoCloud" -resource-dir "c:\\Program Files\\Arduino IDE\\resources\\app\\lib\\backend\\lib\\clang\\14.0.0" -dependency-file "C:\\Users\\\xD1\x80\xD1\x81\\AppData\\Local\\Temp\\arduino-language-server832218445\\build\\sketch\\TemoCloud.ino.cpp.d" -MT "C:\\Users\\\xD1\x80\xD1\x81\\AppData\\Local\\Temp\\arduino-language-server832218445\\build\\sketch\\TemoCloud.ino.cpp.o" -D __ets__ -D ICACHE_FLASH -U __STRICT_ANSI__ -I "C:\\Users\\\xD1\x80\xD1\x81\\AppData\\Local\\Arduino15\\packages\\esp8266\\hardware\\esp8266\\2.7.4/tools/sdk/include" -I "C:\\Users\\\xD1\x80\xD1\x81\\AppData\\Local\\Arduino15\\packages\\esp8266\\hardware\\esp8266\\2.7.4/tools/sdk/lwip2/include" -I "C:\\Users\\\xD1\x80\xD1\x81\\AppData\\Local\\Arduino15\\packages\\esp8266\\hardware\\esp8266\\2.7.4/tools/sdk/libc/xtensa-lx106-elf/include" -I "C:\\Users\\\xD1\x80\xD1\x81\\AppData\\Local\\Temp\\arduino-language-server832218445\\build/core" -D NONOSDK22x_190703=1 -D F_CPU=80000000L -D LWIP_OPEN_SRC -D TCP_MSS=536 -D LWIP_FEATURES=1 -D LWIP_IPV6=0 -D ARDUINO=10607 -D ARDUINO_ESP8266_NODEMCU -D ARDUINO_ARCH_ESP8266 -D "ARDUINO_BOARD=\"ESP8266_NODEMCU\"" -D LED_BUILTIN=2 -D FLASHMODE_DIO -D ESP8266 -I "C:\\Users\\\xD1\x80\xD1\x81\\AppData\\Local\\Arduino15\\packages\\esp8266\\hardware\\esp8266\\2.7.4\\cores\\esp8266" -I "C:\\Users\\\xD1\x80\xD1\x81\\AppData\\Local\\Arduino15\\packages\\esp8266\\hardware\\esp8266\\2.7.4\\variants\\nodemcu" -I "c:\\Users\\\xD1\x80\xD1\x81\\Documents\\Arduino\\libraries\\OneWire" -I "c:\\Users\\\xD1\x80\xD1\x81\\Documents\\Arduino\\libraries\\DallasTemperature" -internal-isystem "c:\\Program Files\\Arduino IDE\\resources\\app\\lib\\backend\\lib\\clang\\14.0.0\\include" -internal-isystem "C:/Program Files/Microsoft Visual Studio 10.0/VC/include" -internal-isystem "C:/Program Files/Microsoft Visual Studio 9.0/VC/include" -internal-isystem "C:/Program Files/Microsoft Visual Studio 9.0/VC/PlatformSDK/Include" -internal-isystem "C:/Program Files/Microsoft Visual Studio 8/VC/include" -internal-isystem "C:/Program Files/Microsoft Visual Studio 8/VC/PlatformSDK/Include" -Os -w -std=gnu++11 -fdeprecated-macro "-fdebug-compilation-dir=D:\\ESP8266_GitHub\\TermoCloud" -ferror-limit 0 -fno-rtti -fno-use-cxa-atexit -fms-extensions -fms-compatibility -fms-compatibility-version=19.20 -fdelayed-template-parsing -vectorize-loops -vectorize-slp -faddrsig -x c++ "c:\\Users\\\xD1\x80\xD1\x81\\AppData\\Local\\Temp\\arduino-language-server832218445\\build\\sketch\\TemoCloud.ino.cpp"
V[12:21:59.308] Reusing preamble version 1 for version 4 of c:\Users\—Ä—Å\AppData\Local\Temp\arduino-language-server832218445\build\sketch\TemoCloud.ino.cpp
V[12:21:59.319] BackgroundIndex: building version 4 after loading index from disk
V[12:21:59.349] BackgroundIndex: serving version 4 (2661670 bytes)
I[12:21:59.359] --> $/progress
V[12:21:59.359] >>> {"jsonrpc":"2.0","method":"$/progress","params":{"token":"backgroundIndexProgress","value":{"kind":"report","message":"0/1","percentage":0}}}

I[12:21:59.359] --> $/progress
V[12:21:59.359] >>> {"jsonrpc":"2.0","method":"$/progress","params":{"token":"backgroundIndexProgress","value":{"kind":"end"}}}

V[12:22:47.210] <<< {"id":"4","jsonrpc":"2.0","method":"textDocument/documentSymbol","params":{"textDocument":{"uri":"file:///c%3A/Users/%D1%80%D1%81/AppData/Local/Temp/arduino-language-server832218445/build/sketch/TemoCloud.ino.cpp"}}}

I[12:22:47.210] <-- textDocument/documentSymbol("4")
V[12:22:47.212] ASTWorker running DocumentSymbols on version 4 of c:\Users\—Ä—Å\AppData\Local\Temp\arduino-language-server832218445\build\sketch\TemoCloud.ino.cpp
I[12:22:47.212] --> reply:textDocument/documentSymbol("4") 2 ms
V[12:22:47.212] >>> {"id":"4","jsonrpc":"2.0","result":[{"detail":"const int","kind":13,"name":"oneWireBus","range":{"end":{"character":24,"line":11},"start":{"character":0,"line":11}},"selectionRange":{"end":{"character":20,"line":11},"start":{"character":10,"line":11}}},{"detail":"OneWire","kind":13,"name":"oneWire","range":{"end":{"character":27,"line":14},"start":{"character":0,"line":14}},"selectionRange":{"end":{"character":15,"line":14},"start":{"character":8,"line":14}}},{"detail":"DallasTemperature","kind":13,"name":"sensors","range":{"end":{"character":35,"line":17},"start":{"character":0,"line":17}},"selectionRange":{"end":{"character":25,"line":17},"start":{"character":18,"line":17}}},{"detail":"void ()","kind":12,"name":"setup","range":{"end":{"character":12,"line":20},"start":{"character":0,"line":20}},"selectionRange":{"end":{"character":10,"line":20},"start":{"character":5,"line":20}}},{"detail":"void ()","kind":12,"name":"loop","range":{"end":{"character":11,"line":22},"start":{"character":0,"line":22}},"selectionRange":{"end":{"character":9,"line":22},"start":{"character":5,"line":22}}},{"detail":"void ()","kind":12,"name":"setup","range":{"end":{"character":1,"line":29},"start":{"character":0,"line":24}},"selectionRange":{"end":{"character":10,"line":24},"start":{"character":5,"line":24}}},{"detail":"void ()","kind":12,"name":"loop","range":{"end":{"character":1,"line":40},"start":{"character":0,"line":31}},"selectionRange":{"end":{"character":9,"line":31},"start":{"character":5,"line":31}}}]}

V[12:22:48.164] <<< {"id":"5","jsonrpc":"2.0","method":"textDocument/hover","params":{"position":{"character":30,"line":32},"textDocument":{"uri":"file:///c%3A/Users/%D1%80%D1%81/AppData/Local/Temp/arduino-language-server832218445/build/sketch/TemoCloud.ino.cpp"}}}

I[12:22:48.164] <-- textDocument/hover("5")
V[12:22:48.164] ASTWorker running Hover on version 4 of c:\Users\—Ä—Å\AppData\Local\Temp\arduino-language-server832218445\build\sketch\TemoCloud.ino.cpp
I[12:22:48.168] --> reply:textDocument/hover("5") 4 ms
V[12:22:48.168] >>> {"id":"5","jsonrpc":"2.0","result":{"contents":{"kind":"markdown","value":"### instance-method `requestTemperatures`  \n\n---\n‚Üí `struct DallasTemperature::request_t`  \nTemperature Operations  \n\n---\n```cpp\n// In DallasTemperature\npublic: DallasTemperature::request_t requestTemperatures()\n```"},"range":{"end":{"character":31,"line":32},"start":{"character":30,"line":32}}}}

V[12:22:48.830] <<< {"id":"6","jsonrpc":"2.0","method":"textDocument/hover","params":{"position":{"character":32,"line":32},"textDocument":{"uri":"file:///c%3A/Users/%D1%80%D1%81/AppData/Local/Temp/arduino-language-server832218445/build/sketch/TemoCloud.ino.cpp"}}}

I[12:22:48.830] <-- textDocument/hover("6")
V[12:22:48.830] ASTWorker running Hover on version 4 of c:\Users\—Ä—Å\AppData\Local\Temp\arduino-language-server832218445\build\sketch\TemoCloud.ino.cpp
I[12:22:48.833] --> reply:textDocument/hover("6") 2 ms
V[12:22:48.833] >>> {"id":"6","jsonrpc":"2.0","result":null}

